0 info it worked if it ends with ok
1 verbose cli [ '/usr/bin/nodejs', '/usr/bin/npm', 'install', 'mocha', '-D' ]
2 info using npm@1.3.10
3 info using node@v0.10.25
4 warn package.json react-image-closeup@1.0.0 No repository field.
5 warn package.json react-image-closeup@1.0.0 No README data
6 warn package.json camel-case@3.0.0 No README data
7 warn package.json copy-descriptor@0.1.1 No README data
8 warn package.json core-js@1.2.7 No README data
9 warn package.json dom-serializer@0.1.0 No README data
10 warn package.json estraverse@4.2.0 No README data
11 warn package.json eslint-module-utils@2.2.0 No README data
12 warn package.json get-value@2.0.6 No README data
13 warn package.json jsesc@1.3.0 No README data
14 warn package.json mamacro@0.0.3 No description
15 warn package.json mamacro@0.0.3 No repository field.
16 warn package.json mamacro@0.0.3 No README data
17 warn package.json object-copy@0.1.0 No README data
18 warn package.json path-is-inside@1.0.2 No README data
19 warn package.json setimmediate@1.0.5 No README data
20 warn package.json static-extend@0.1.2 No README data
21 warn package.json indexof@0.0.1 No repository field.
22 warn package.json v8-compile-cache@2.0.0 No repository field.
23 verbose readDependencies using package.json deps
24 verbose cache add [ 'mocha', null ]
25 verbose cache add name=undefined spec="mocha" args=["mocha",null]
26 verbose parsed url { protocol: null,
26 verbose parsed url   slashes: null,
26 verbose parsed url   auth: null,
26 verbose parsed url   host: null,
26 verbose parsed url   port: null,
26 verbose parsed url   hostname: null,
26 verbose parsed url   hash: null,
26 verbose parsed url   search: null,
26 verbose parsed url   query: null,
26 verbose parsed url   pathname: 'mocha',
26 verbose parsed url   path: 'mocha',
26 verbose parsed url   href: 'mocha' }
27 silly lockFile a619da43-mocha mocha
28 verbose lock mocha /home/grittly/.npm/a619da43-mocha.lock
29 silly lockFile a619da43-mocha mocha
30 silly lockFile a619da43-mocha mocha
31 verbose addNamed [ 'mocha', '' ]
32 verbose addNamed [ null, '*' ]
33 silly lockFile b9899f31-mocha mocha@
34 verbose lock mocha@ /home/grittly/.npm/b9899f31-mocha.lock
35 silly addNameRange { name: 'mocha', range: '*', hasData: false }
36 verbose url raw mocha
37 verbose url resolving [ 'https://registry.npmjs.org/', './mocha' ]
38 verbose url resolved https://registry.npmjs.org/mocha
39 info trying registry request attempt 1 at 16:33:28
40 verbose etag "9HCRKFKLGHG1TZHIQF0N5CWED"
41 http GET https://registry.npmjs.org/mocha
42 info retry will retry, error on last attempt: Error: getaddrinfo ENOTFOUND
43 info trying registry request attempt 2 at 16:33:38
44 verbose etag "9HCRKFKLGHG1TZHIQF0N5CWED"
45 http GET https://registry.npmjs.org/mocha
46 info retry will retry, error on last attempt: Error: getaddrinfo ENOTFOUND
47 info trying registry request attempt 3 at 16:34:38
48 verbose etag "9HCRKFKLGHG1TZHIQF0N5CWED"
49 http GET https://registry.npmjs.org/mocha
50 silly registry.get cb [ 304, undefined ]
51 verbose etag mocha from cache
52 silly addNameRange number 2 { name: 'mocha', range: '*', hasData: true }
53 silly addNameRange versions [ 'mocha',
53 silly addNameRange   [ '0.0.1-alpha1',
53 silly addNameRange     '0.0.1-alpha2',
53 silly addNameRange     '0.0.1-alpha3',
53 silly addNameRange     '0.0.1-alpha4',
53 silly addNameRange     '0.0.1-alpha5',
53 silly addNameRange     '0.0.1-alpha6',
53 silly addNameRange     '0.0.1',
53 silly addNameRange     '0.0.2',
53 silly addNameRange     '0.0.3',
53 silly addNameRange     '0.0.4',
53 silly addNameRange     '0.0.5',
53 silly addNameRange     '0.0.6',
53 silly addNameRange     '0.0.7',
53 silly addNameRange     '0.0.8',
53 silly addNameRange     '0.1.0',
53 silly addNameRange     '0.2.0',
53 silly addNameRange     '0.3.0',
53 silly addNameRange     '0.3.1',
53 silly addNameRange     '0.3.2',
53 silly addNameRange     '0.3.3',
53 silly addNameRange     '0.3.4',
53 silly addNameRange     '0.3.6',
53 silly addNameRange     '0.4.0',
53 silly addNameRange     '0.5.0',
53 silly addNameRange     '0.6.0',
53 silly addNameRange     '0.7.0',
53 silly addNameRange     '0.7.1',
53 silly addNameRange     '0.8.0',
53 silly addNameRange     '0.8.1',
53 silly addNameRange     '0.9.0',
53 silly addNameRange     '0.10.0',
53 silly addNameRange     '0.10.1',
53 silly addNameRange     '0.10.2',
53 silly addNameRange     '0.11.0',
53 silly addNameRange     '0.12.0',
53 silly addNameRange     '0.12.1',
53 silly addNameRange     '0.13.0',
53 silly addNameRange     '0.14.0',
53 silly addNameRange     '0.14.1',
53 silly addNameRange     '1.0.0',
53 silly addNameRange     '1.0.1',
53 silly addNameRange     '1.0.2',
53 silly addNameRange     '1.0.3',
53 silly addNameRange     '1.1.0',
53 silly addNameRange     '1.2.0',
53 silly addNameRange     '1.2.1',
53 silly addNameRange     '1.2.2',
53 silly addNameRange     '1.3.0',
53 silly addNameRange     '1.3.1',
53 silly addNameRange     '1.3.2',
53 silly addNameRange     '1.4.0',
53 silly addNameRange     '1.4.1',
53 silly addNameRange     '1.4.2',
53 silly addNameRange     '1.4.3',
53 silly addNameRange     '1.5.0',
53 silly addNameRange     '1.6.0',
53 silly addNameRange     '1.7.0',
53 silly addNameRange     '1.7.1',
53 silly addNameRange     '1.7.2',
53 silly addNameRange     '1.7.3',
53 silly addNameRange     '1.7.4',
53 silly addNameRange     '1.8.0',
53 silly addNameRange     '1.8.1',
53 silly addNameRange     '1.8.2',
53 silly addNameRange     '1.9.0',
53 silly addNameRange     '1.10.0',
53 silly addNameRange     '1.11.0',
53 silly addNameRange     '1.12.0',
53 silly addNameRange     '1.12.1',
53 silly addNameRange     '1.13.0',
53 silly addNameRange     '1.14.0',
53 silly addNameRange     '1.15.0',
53 silly addNameRange     '1.15.1',
53 silly addNameRange     '1.16.0',
53 silly addNameRange     '1.16.1',
53 silly addNameRange     '1.16.2',
53 silly addNameRange     '1.17.0',
53 silly addNameRange     '1.17.1',
53 silly addNameRange     '1.18.0',
53 silly addNameRange     '1.18.1',
53 silly addNameRange     '1.18.2',
53 silly addNameRange     '1.19.0',
53 silly addNameRange     '1.20.0',
53 silly addNameRange     '1.20.1',
53 silly addNameRange     '1.21.0',
53 silly addNameRange     '1.21.1',
53 silly addNameRange     '1.21.2',
53 silly addNameRange     '1.21.3',
53 silly addNameRange     '1.21.4',
53 silly addNameRange     '1.21.5',
53 silly addNameRange     '2.0.0',
53 silly addNameRange     '2.0.1',
53 silly addNameRange     '2.1.0',
53 silly addNameRange     '2.2.0',
53 silly addNameRange     '2.2.1',
53 silly addNameRange     '2.2.3',
53 silly addNameRange     '2.2.4',
53 silly addNameRange     '2.2.5',
53 silly addNameRange     '2.3.0',
53 silly addNameRange     '2.3.1',
53 silly addNameRange     '2.3.2',
53 silly addNameRange     '2.3.3',
53 silly addNameRange     '2.3.4',
53 silly addNameRange     '2.4.1',
53 silly addNameRange     '2.4.2',
53 silly addNameRange     '2.4.3',
53 silly addNameRange     '2.4.4',
53 silly addNameRange     '2.4.5',
53 silly addNameRange     '2.5.0',
53 silly addNameRange     '2.5.1',
53 silly addNameRange     '2.5.2',
53 silly addNameRange     '2.5.3',
53 silly addNameRange     '3.0.0-1',
53 silly addNameRange     '3.0.0-2',
53 silly addNameRange     '3.0.0',
53 silly addNameRange     '3.0.1' ] ]
54 verbose addNamed [ 'mocha', '3.0.1' ]
55 verbose addNamed [ '3.0.1', '3.0.1' ]
56 silly lockFile fca942d3-mocha-3-0-1 mocha@3.0.1
57 verbose lock mocha@3.0.1 /home/grittly/.npm/fca942d3-mocha-3-0-1.lock
58 silly lockFile 3aceff3a--npmjs-org-mocha-mocha-3-0-1-tgz https://registry.npmjs.org/mocha/-/mocha-3.0.1.tgz
59 verbose lock https://registry.npmjs.org/mocha/-/mocha-3.0.1.tgz /home/grittly/.npm/3aceff3a--npmjs-org-mocha-mocha-3-0-1-tgz.lock
60 verbose addRemoteTarball [ 'https://registry.npmjs.org/mocha/-/mocha-3.0.1.tgz',
60 verbose addRemoteTarball   'c60b43765c193965b57c74d33051eef1b45ee01b' ]
61 info retry fetch attempt 1 at 16:34:39
62 verbose fetch to= /home/grittly/tmp/npm-829-eNOCAT7s/1533501279013-0.08601380209438503/tmp.tgz
63 http GET https://registry.npmjs.org/mocha/-/mocha-3.0.1.tgz
64 error fetch failed https://registry.npmjs.org/mocha/-/mocha-3.0.1.tgz
65 info retry will retry, error on last attempt: Error: getaddrinfo ENOTFOUND
66 info retry fetch attempt 2 at 16:34:49
67 verbose fetch to= /home/grittly/tmp/npm-829-eNOCAT7s/1533501279013-0.08601380209438503/tmp.tgz
68 http GET https://registry.npmjs.org/mocha/-/mocha-3.0.1.tgz
69 error fetch failed https://registry.npmjs.org/mocha/-/mocha-3.0.1.tgz
70 info retry will retry, error on last attempt: Error: getaddrinfo ENOTFOUND
71 info retry fetch attempt 3 at 16:35:49
72 verbose fetch to= /home/grittly/tmp/npm-829-eNOCAT7s/1533501279013-0.08601380209438503/tmp.tgz
73 http GET https://registry.npmjs.org/mocha/-/mocha-3.0.1.tgz
74 error fetch failed https://registry.npmjs.org/mocha/-/mocha-3.0.1.tgz
75 silly lockFile 3aceff3a--npmjs-org-mocha-mocha-3-0-1-tgz https://registry.npmjs.org/mocha/-/mocha-3.0.1.tgz
76 silly lockFile 3aceff3a--npmjs-org-mocha-mocha-3-0-1-tgz https://registry.npmjs.org/mocha/-/mocha-3.0.1.tgz
77 silly lockFile fca942d3-mocha-3-0-1 mocha@3.0.1
78 silly lockFile fca942d3-mocha-3-0-1 mocha@3.0.1
79 silly lockFile b9899f31-mocha mocha@
80 silly lockFile b9899f31-mocha mocha@
81 error network getaddrinfo ENOTFOUND
81 error network This is most likely not a problem with npm itself
81 error network and is related to network connectivity.
81 error network In most cases you are behind a proxy or have bad network settings.
81 error network
81 error network If you are behind a proxy, please make sure that the
81 error network 'proxy' config is set properly.  See: 'npm help config'
82 error System Linux 4.4.0-43-Microsoft
83 error command "/usr/bin/nodejs" "/usr/bin/npm" "install" "mocha" "-D"
84 error cwd /home/grittly/workspace/react-image-closeup
85 error node -v v0.10.25
86 error npm -v 1.3.10
87 error syscall getaddrinfo
88 error code ENOTFOUND
89 error errno ENOTFOUND
90 verbose exit [ 1, true ]
